<?xml version="1.0" encoding="UTF-8"?>
<!-- Generated by org.testng.reporters.JUnitReportReporter -->
<testsuite skipped="0" hostname="LAPTOP-8BGFE0TE" name="TestNGConcepts.TC012_DataProviderConcept" tests="2" failures="0" timestamp="13 May 2021 19:50:05 GMT" time="0.007" errors="0">
  <testcase name="customerDetailsTest" time="0.006" classname="TestNGConcepts.TC012_DataProviderConcept"/>
  <testcase name="customerDetailsTest" time="0.001" classname="TestNGConcepts.TC012_DataProviderConcept"/>
</testsuite> <!-- TestNGConcepts.TC012_DataProviderConcept -->
