<?xml version="1.0" encoding="UTF-8"?>
<!-- Generated by org.testng.reporters.JUnitReportReporter -->
<testsuite skipped="0" hostname="LAPTOP-8BGFE0TE" name="regressionSuite.TC002_TestCasesPriority" tests="3" failures="0" timestamp="18 May 2021 17:03:59 GMT" time="0.003" errors="0">
  <testcase name="login" time="0.001" classname="regressionSuite.TC002_TestCasesPriority"/>
  <testcase name="bookTickets" time="0.001" classname="regressionSuite.TC002_TestCasesPriority"/>
  <testcase name="logout" time="0.001" classname="regressionSuite.TC002_TestCasesPriority"/>
</testsuite> <!-- regressionSuite.TC002_TestCasesPriority -->
