<?xml version="1.0" encoding="UTF-8"?>
<!-- Generated by org.testng.reporters.JUnitReportReporter -->
<testsuite skipped="0" hostname="LAPTOP-8BGFE0TE" name="SmokeSuite.TC004_AnnotationsConcept" tests="2" failures="0" timestamp="18 May 2021 17:03:59 GMT" time="0.003" errors="0">
  <testcase name="bookTickets" time="0.002" classname="SmokeSuite.TC004_AnnotationsConcept"/>
  <testcase name="cancelTickets" time="0.001" classname="SmokeSuite.TC004_AnnotationsConcept"/>
</testsuite> <!-- SmokeSuite.TC004_AnnotationsConcept -->
