<?xml version="1.0" encoding="UTF-8"?>
<!-- Generated by org.testng.reporters.JUnitReportReporter -->
<testsuite skipped="0" hostname="LAPTOP-8BGFE0TE" name="regressionSuite.TC003_LoginIntoSurveyMonkeyApplication" tests="3" failures="0" timestamp="18 May 2021 17:03:59 GMT" time="25.648" errors="0">
  <testcase name="invokeApllication" time="9.714" classname="regressionSuite.TC003_LoginIntoSurveyMonkeyApplication"/>
  <testcase name="loginIntoApplication" time="14.715" classname="regressionSuite.TC003_LoginIntoSurveyMonkeyApplication"/>
  <testcase name="logoutApplication" time="1.219" classname="regressionSuite.TC003_LoginIntoSurveyMonkeyApplication"/>
</testsuite> <!-- regressionSuite.TC003_LoginIntoSurveyMonkeyApplication -->
