<?xml version="1.0" encoding="UTF-8"?>
<!-- Generated by org.testng.reporters.JUnitReportReporter -->
<testsuite skipped="0" hostname="LAPTOP-8BGFE0TE" name="TestNGConcepts.TC014_PropertiesConcept" tests="1" failures="0" timestamp="19 May 2021 00:59:22 GMT" time="13.454" errors="0">
  <testcase name="setup" time="13.454" classname="TestNGConcepts.TC014_PropertiesConcept"/>
</testsuite> <!-- TestNGConcepts.TC014_PropertiesConcept -->
