<?xml version="1.0" encoding="UTF-8"?>
<!-- Generated by org.testng.reporters.JUnitReportReporter -->
<testsuite skipped="0" hostname="LAPTOP-8BGFE0TE" name="TestNGConcepts.TC010_InvocationCountConcept" tests="10" failures="0" timestamp="13 May 2021 19:23:49 GMT" time="0.019" errors="0">
  <testcase name="loginTest" time="0.000" classname="TestNGConcepts.TC010_InvocationCountConcept"/>
  <testcase name="loginTest" time="0.001" classname="TestNGConcepts.TC010_InvocationCountConcept"/>
  <testcase name="loginTest" time="0.001" classname="TestNGConcepts.TC010_InvocationCountConcept"/>
  <testcase name="loginTest" time="0.010" classname="TestNGConcepts.TC010_InvocationCountConcept"/>
  <testcase name="loginTest" time="0.000" classname="TestNGConcepts.TC010_InvocationCountConcept"/>
  <testcase name="loginTest" time="0.003" classname="TestNGConcepts.TC010_InvocationCountConcept"/>
  <testcase name="loginTest" time="0.001" classname="TestNGConcepts.TC010_InvocationCountConcept"/>
  <testcase name="loginTest" time="0.001" classname="TestNGConcepts.TC010_InvocationCountConcept"/>
  <testcase name="loginTest" time="0.001" classname="TestNGConcepts.TC010_InvocationCountConcept"/>
  <testcase name="loginTest" time="0.001" classname="TestNGConcepts.TC010_InvocationCountConcept"/>
</testsuite> <!-- TestNGConcepts.TC010_InvocationCountConcept -->
