<?xml version="1.0" encoding="UTF-8"?>
<!-- Generated by org.testng.reporters.JUnitReportReporter -->
<testsuite skipped="0" hostname="LAPTOP-8BGFE0TE" name="TestNGConcepts.TC001_DisplayMessages" tests="2" failures="0" timestamp="18 May 2021 15:24:29 GMT" time="0.002" errors="0">
  <testcase name="displayName" time="0.001" classname="TestNGConcepts.TC001_DisplayMessages"/>
  <testcase name="displayMessage" time="0.001" classname="TestNGConcepts.TC001_DisplayMessages"/>
</testsuite> <!-- TestNGConcepts.TC001_DisplayMessages -->
