<?xml version="1.0" encoding="UTF-8"?>
<!-- Generated by org.testng.reporters.JUnitReportReporter -->
<testsuite skipped="0" hostname="LAPTOP-8BGFE0TE" name="TestNGConcepts.TC009_ExceptionsConcept" tests="1" failures="0" timestamp="13 May 2021 19:10:38 GMT" time="0.011" errors="0">
  <testcase name="exceptionTest" time="0.011" classname="TestNGConcepts.TC009_ExceptionsConcept"/>
</testsuite> <!-- TestNGConcepts.TC009_ExceptionsConcept -->
