<?xml version="1.0" encoding="UTF-8"?>
<!-- Generated by org.testng.reporters.JUnitReportReporter -->
<testsuite skipped="0" hostname="LAPTOP-8BGFE0TE" name="TestNGConcepts.TC003_LoginIntoSurveyMonkeyApplication" tests="3" failures="0" timestamp="18 May 2021 15:24:29 GMT" time="45.818" errors="0">
  <testcase name="invokeApllication" time="20.414" classname="TestNGConcepts.TC003_LoginIntoSurveyMonkeyApplication"/>
  <testcase name="loginIntoApplication" time="19.548" classname="TestNGConcepts.TC003_LoginIntoSurveyMonkeyApplication"/>
  <testcase name="logoutApplication" time="5.856" classname="TestNGConcepts.TC003_LoginIntoSurveyMonkeyApplication"/>
</testsuite> <!-- TestNGConcepts.TC003_LoginIntoSurveyMonkeyApplication -->
