<?xml version="1.0" encoding="UTF-8"?>
<!-- Generated by org.testng.reporters.JUnitReportReporter -->
<testsuite skipped="0" hostname="LAPTOP-8BGFE0TE" name="ParallelExecution.TC003_LoginIntoSurveyMonkeyApplication" tests="3" failures="0" timestamp="18 May 2021 18:35:04 GMT" time="25.179" errors="0">
  <testcase name="invokeApllication" time="12.408" classname="ParallelExecution.TC003_LoginIntoSurveyMonkeyApplication"/>
  <testcase name="loginIntoApplication" time="11.169" classname="ParallelExecution.TC003_LoginIntoSurveyMonkeyApplication"/>
  <testcase name="logoutApplication" time="1.602" classname="ParallelExecution.TC003_LoginIntoSurveyMonkeyApplication"/>
</testsuite> <!-- ParallelExecution.TC003_LoginIntoSurveyMonkeyApplication -->
