<?xml version="1.0" encoding="UTF-8"?>
<!-- Generated by org.testng.reporters.JUnitReportReporter -->
<testsuite skipped="0" hostname="LAPTOP-8BGFE0TE" name="TestNGConcepts.TC013_DataProviderFromOtherClass" tests="2" failures="0" timestamp="13 May 2021 20:00:44 GMT" time="0.007" errors="0">
  <testcase name="customerDetailsTest" time="0.001" classname="TestNGConcepts.TC013_DataProviderFromOtherClass"/>
  <testcase name="customerDetailsTest" time="0.006" classname="TestNGConcepts.TC013_DataProviderFromOtherClass"/>
</testsuite> <!-- TestNGConcepts.TC013_DataProviderFromOtherClass -->
