<?xml version="1.0" encoding="UTF-8"?>
<!-- Generated by org.testng.reporters.JUnitReportReporter -->
<testsuite skipped="0" hostname="LAPTOP-8BGFE0TE" name="parameters.SignUpTest" tests="2" failures="0" timestamp="18 May 2021 18:54:22 GMT" time="20.772" errors="0">
  <testcase name="verifySignUpBtn" time="11.026" classname="parameters.SignUpTest"/>
  <testcase name="verifySSOLink" time="9.746" classname="parameters.SignUpTest"/>
</testsuite> <!-- parameters.SignUpTest -->
