<?xml version="1.0" encoding="UTF-8"?>
<!-- Generated by org.testng.reporters.JUnitReportReporter -->
<testsuite skipped="0" hostname="LAPTOP-8BGFE0TE" name="TestNGConcepts.TC004_AnnotationsConcept" tests="2" failures="0" timestamp="18 May 2021 16:45:09 GMT" time="0.004" errors="0">
  <testcase name="cancelTickets" time="0.001" classname="TestNGConcepts.TC004_AnnotationsConcept"/>
  <testcase name="bookTickets" time="0.003" classname="TestNGConcepts.TC004_AnnotationsConcept"/>
</testsuite> <!-- TestNGConcepts.TC004_AnnotationsConcept -->
