<?xml version="1.0" encoding="UTF-8"?>
<!-- Generated by org.testng.reporters.JUnitReportReporter -->
<testsuite skipped="0" hostname="LAPTOP-8BGFE0TE" name="TestNGConcepts.TC007_LoginTest" tests="3" failures="0" timestamp="18 May 2021 18:25:04 GMT" time="32.676" errors="0">
  <testcase name="pageTitleTest" time="9.244" classname="TestNGConcepts.TC007_LoginTest"/>
  <testcase name="signupLinkTest" time="8.633" classname="TestNGConcepts.TC007_LoginTest"/>
  <testcase name="loginTest" time="14.799" classname="TestNGConcepts.TC007_LoginTest"/>
</testsuite> <!-- TestNGConcepts.TC007_LoginTest -->
