<?xml version="1.0" encoding="UTF-8"?>
<!-- Generated by org.testng.reporters.JUnitReportReporter -->
<testsuite skipped="0" hostname="LAPTOP-8BGFE0TE" name="TestNGConcepts.TC005_HardAssertion" tests="2" failures="0" timestamp="18 May 2021 16:44:25 GMT" time="0.014" errors="0">
  <testcase name="verifyValUsingAssetion" time="0.013" classname="TestNGConcepts.TC005_HardAssertion"/>
  <testcase name="displayMessage" time="0.001" classname="TestNGConcepts.TC005_HardAssertion"/>
</testsuite> <!-- TestNGConcepts.TC005_HardAssertion -->
