<?xml version="1.0" encoding="UTF-8"?>
<!-- Generated by org.testng.reporters.JUnitReportReporter -->
<testsuite skipped="0" hostname="LAPTOP-8BGFE0TE" name="TestNGConcepts.TC006_SoftAssertionConcept" tests="1" failures="0" timestamp="18 May 2021 16:45:53 GMT" time="0.018" errors="0">
  <testcase name="verifyValUsingAssetion" time="0.018" classname="TestNGConcepts.TC006_SoftAssertionConcept"/>
</testsuite> <!-- TestNGConcepts.TC006_SoftAssertionConcept -->
